[debug] [2021-05-03T12:16:06.315Z] ----------------------------------------------------------------------
[debug] [2021-05-03T12:16:06.321Z] Command:       C:\Program Files\nodejs\node.exe C:\Users\Sujon\AppData\Roaming\npm\node_modules\firebase-tools\lib\bin\firebase.js deploy
[debug] [2021-05-03T12:16:06.323Z] CLI Version:   9.10.0
[debug] [2021-05-03T12:16:06.323Z] Platform:      win32
[debug] [2021-05-03T12:16:06.323Z] Node Version:  v14.16.0
[debug] [2021-05-03T12:16:06.349Z] Time:          Mon May 03 2021 18:16:06 GMT+0600 (Bangladesh Standard Time)
[debug] [2021-05-03T12:16:06.350Z] ----------------------------------------------------------------------
[debug] 
[debug] [2021-05-03T12:16:06.386Z] > command requires scopes: ["email","openid","https://www.googleapis.com/auth/cloudplatformprojects.readonly","https://www.googleapis.com/auth/firebase","https://www.googleapis.com/auth/cloud-platform"]
[debug] [2021-05-03T12:16:06.387Z] > authorizing via signed-in user (mdsujon829562@gmail.com)
[debug] [2021-05-03T12:16:06.388Z] [iam] checking project personal-wesite-ac77a for permissions ["firebase.projects.get","firebasehosting.sites.update"]
[debug] [2021-05-03T12:16:06.399Z] >>> HTTP REQUEST POST https://cloudresourcemanager.googleapis.com/v1/projects/personal-wesite-ac77a:testIamPermissions  
 {"permissions":["firebase.projects.get","firebasehosting.sites.update"]}
[debug] [2021-05-03T12:16:10.005Z] <<< HTTP RESPONSE 200 {"content-type":"application/json; charset=UTF-8","vary":"X-Origin, Referer, Origin,Accept-Encoding","date":"Mon, 03 May 2021 12:15:48 GMT","server":"ESF","cache-control":"private","x-xss-protection":"0","x-frame-options":"SAMEORIGIN","x-content-type-options":"nosniff","server-timing":"gfet4t7; dur=1128","alt-svc":"h3-29=\":443\"; ma=2592000,h3-T051=\":443\"; ma=2592000,h3-Q050=\":443\"; ma=2592000,h3-Q046=\":443\"; ma=2592000,h3-Q043=\":443\"; ma=2592000,quic=\":443\"; ma=2592000; v=\"46,43\"","accept-ranges":"none","transfer-encoding":"chunked"}
[debug] [2021-05-03T12:16:10.012Z] > refreshing access token with scopes: []
[debug] [2021-05-03T12:16:10.012Z] >>> HTTP REQUEST POST https://www.googleapis.com/oauth2/v3/token  
 <request body omitted>
[debug] [2021-05-03T12:16:11.651Z] <<< HTTP RESPONSE 200 {"expires":"Mon, 01 Jan 1990 00:00:00 GMT","pragma":"no-cache","date":"Mon, 03 May 2021 12:15:50 GMT","cache-control":"no-cache, no-store, max-age=0, must-revalidate","content-type":"application/json; charset=utf-8","vary":"X-Origin, Referer, Origin,Accept-Encoding","server":"scaffolding on HTTPServer2","x-xss-protection":"0","x-frame-options":"SAMEORIGIN","x-content-type-options":"nosniff","alt-svc":"h3-29=\":443\"; ma=2592000,h3-T051=\":443\"; ma=2592000,h3-Q050=\":443\"; ma=2592000,h3-Q046=\":443\"; ma=2592000,h3-Q043=\":443\"; ma=2592000,quic=\":443\"; ma=2592000; v=\"46,43\"","accept-ranges":"none","transfer-encoding":"chunked"}
[debug] [2021-05-03T12:16:11.679Z] >>> [apiv2][query] GET https://firebase.googleapis.com/v1beta1/projects/personal-wesite-ac77a [none]
[debug] [2021-05-03T12:16:13.779Z] <<< [apiv2][status] GET https://firebase.googleapis.com/v1beta1/projects/personal-wesite-ac77a 200
[debug] [2021-05-03T12:16:13.779Z] <<< [apiv2][body] GET https://firebase.googleapis.com/v1beta1/projects/personal-wesite-ac77a {"projectId":"personal-wesite-ac77a","projectNumber":"162426908904","displayName":"personal-wesite","name":"projects/personal-wesite-ac77a","resources":{"hostingSite":"personal-wesite-ac77a"},"state":"ACTIVE"}
[info] 
[info] === Deploying to 'personal-wesite-ac77a'...
[info] 
[info] i  deploying hosting 
[debug] [2021-05-03T12:16:13.791Z] > refreshing access token with scopes: ["email","https://www.googleapis.com/auth/cloud-platform","https://www.googleapis.com/auth/cloudplatformprojects.readonly","https://www.googleapis.com/auth/firebase","openid"]
[debug] [2021-05-03T12:16:13.791Z] >>> HTTP REQUEST POST https://www.googleapis.com/oauth2/v3/token  
 <request body omitted>
[debug] [2021-05-03T12:16:14.069Z] <<< HTTP RESPONSE 200 {"cache-control":"no-cache, no-store, max-age=0, must-revalidate","date":"Mon, 03 May 2021 12:15:53 GMT","pragma":"no-cache","expires":"Mon, 01 Jan 1990 00:00:00 GMT","content-type":"application/json; charset=utf-8","vary":"X-Origin, Referer, Origin,Accept-Encoding","server":"scaffolding on HTTPServer2","x-xss-protection":"0","x-frame-options":"SAMEORIGIN","x-content-type-options":"nosniff","alt-svc":"h3-29=\":443\"; ma=2592000,h3-T051=\":443\"; ma=2592000,h3-Q050=\":443\"; ma=2592000,h3-Q046=\":443\"; ma=2592000,h3-Q043=\":443\"; ma=2592000,quic=\":443\"; ma=2592000; v=\"46,43\"","accept-ranges":"none","transfer-encoding":"chunked"}
[debug] [2021-05-03T12:16:14.094Z] >>> HTTP REQUEST POST https://firebasehosting.googleapis.com/v1beta1/sites/personal-wesite-ac77a/versions  
 {"config":{"rewrites":[{"glob":"**","path":"/index.html"}]},"labels":{"deployment-tool":"cli-firebase"}}
[debug] [2021-05-03T12:16:16.039Z] <<< HTTP RESPONSE 200 {"content-type":"application/json; charset=UTF-8","vary":"X-Origin, Referer, Origin,Accept-Encoding","date":"Mon, 03 May 2021 12:15:54 GMT","server":"ESF","cache-control":"private","x-xss-protection":"0","x-frame-options":"SAMEORIGIN","x-content-type-options":"nosniff","alt-svc":"h3-29=\":443\"; ma=2592000,h3-T051=\":443\"; ma=2592000,h3-Q050=\":443\"; ma=2592000,h3-Q046=\":443\"; ma=2592000,h3-Q043=\":443\"; ma=2592000,quic=\":443\"; ma=2592000; v=\"46,43\"","accept-ranges":"none","transfer-encoding":"chunked"}
[info] i  hosting[personal-wesite-ac77a]: beginning deploy... 
[info] i  hosting[personal-wesite-ac77a]: found 27 files in build 
[debug] [2021-05-03T12:16:16.579Z] > refreshing access token with scopes: []
[debug] [2021-05-03T12:16:16.579Z] >>> HTTP REQUEST POST https://www.googleapis.com/oauth2/v3/token  
 <request body omitted>
[debug] [2021-05-03T12:16:16.582Z] [hosting] hash cache [YnVpbGQ] stored for 27 files
[debug] [2021-05-03T12:16:16.583Z] [hosting][hash queue][FINAL] {"max":466,"min":16,"avg":67.96296296296296,"active":0,"complete":27,"success":27,"errored":0,"retried":0,"total":27,"elapsed":487}
[debug] [2021-05-03T12:16:16.859Z] <<< HTTP RESPONSE 200 {"date":"Mon, 03 May 2021 12:15:55 GMT","pragma":"no-cache","cache-control":"no-cache, no-store, max-age=0, must-revalidate","expires":"Mon, 01 Jan 1990 00:00:00 GMT","content-type":"application/json; charset=utf-8","vary":"X-Origin, Referer, Origin,Accept-Encoding","server":"scaffolding on HTTPServer2","x-xss-protection":"0","x-frame-options":"SAMEORIGIN","x-content-type-options":"nosniff","alt-svc":"h3-29=\":443\"; ma=2592000,h3-T051=\":443\"; ma=2592000,h3-Q050=\":443\"; ma=2592000,h3-Q046=\":443\"; ma=2592000,h3-Q043=\":443\"; ma=2592000,quic=\":443\"; ma=2592000; v=\"46,43\"","accept-ranges":"none","transfer-encoding":"chunked"}
[debug] [2021-05-03T12:16:16.880Z] >>> [apiv2][query] POST https://firebasehosting.googleapis.com/v1beta1/sites/personal-wesite-ac77a/versions/8dc375ebd5fb06c5:populateFiles [none]
[debug] [2021-05-03T12:16:16.880Z] >>> [apiv2][body] POST https://firebasehosting.googleapis.com/v1beta1/sites/personal-wesite-ac77a/versions/8dc375ebd5fb06c5:populateFiles {"files":{"/favicon.ico":"eae62e993eb980ec8a25058c39d5a51feab118bd2100c4deebb2a9c158ec11f9","/logo192.png":"3ee59515172ee198f3be375979df15ac5345183e656720a381b8872b2a39dc8b","/logo512.png":"ee7e2f3fdb8209c4b6fd7bef6ba50d1b9dba30a25bb5c3126df057e1cb6f5331","/manifest.json":"aff3449bdc238776f5d6d967f19ec491b36aed5fb7f23ccff6500736fd58494a","/robots.txt":"bfe106a3fb878dc83461c86818bf74fc1bdc7f28538ba613cd3e775516ce8b49","/sujon2.png":"a8a1f3b7f2513bc7769f1d721638562ebb8b2da7397f60f79c9db1d676f06d37","/asset-manifest.json":"d59c05e77e78a0d1bc053dcf5aa4b554566cc7058392cd80e15d2d88b903c816","/index.html":"4e47b522f474c5bf04968168bdc890dff0f794150af7e0f224139a3f4cbdd555","/static/css/main.1d4398ca.chunk.css":"ef47e33ccda6c09686b04efea7ce3c763e2b3b1164ec6112be47242087201cb6","/static/js/2.f33da7f1.chunk.js.LICENSE.txt":"771627f7f2e855fe51faf0b8854f699528be671b13dfa9382672238654b2716e","/static/css/main.1d4398ca.chunk.css.map":"510d438e2ac84e6b6363f45466f03f3389078c37bbb87edb2aaf74bc4d0f83a8","/static/js/3.1cc72b2c.chunk.js":"5f2cae6617ae9efe2fc17cd84afba89de2acd115fed2a80ca6c1d2ddf5b7d624","/static/js/3.1cc72b2c.chunk.js.map":"d74a58272d1a0bd2e7ce33e636cbe5cb08175376814885365026223f0514a22e","/static/js/main.d7b624ae.chunk.js":"67733d5c031916c1b1549b340c0a77e214e0c593fbb9c880c221f3fa918576b9","/static/js/runtime-main.79ca3220.js":"2e6094d5150a6c0c5abdcb5083c722461ebc4180a196f2ac6b6fc23249e41b2c","/static/js/main.d7b624ae.chunk.js.map":"94796e5897c27749390a85ef59adbd56065dff783787d15dd661d103796b91b7","/static/js/runtime-main.79ca3220.js.map":"cea634f5a993b45b2262a44889170618ff8ec77de547527767308ae187805a17","/static/media/1111.364f3a22.PNG":"766e892b3b07569ddc9cffe7d7faae5bb5c0e957c75914184bb54c323a3e3aa8","/static/media/2222.8a7a50e0.png":"c4fc07ec81889f109ba68eb361c4a71190f0647822fc61e8f3dd53870ce37685","/static/media/3333.ab76b6e1.png":"d6a5208ca0dab6f3bc45971e0feb49a83e807264720bc537687b48b7c8377feb","/static/media/111.e6f4105d.png":"7081313703b8cce2e640d9c5353863ea50dada07cbefd5ad6fb78928a11a62ea","/static/media/222.b50c8938.png":"a1c83d0b064d9dc167a55dbfa1cf2a7dfd8d3e2a9e9ecea4753127d3a481797b","/static/media/333.f90b1b15.png":"651faf0560b5aeee5951ceb9afaff073acc418dab238f59cf3455686736e0d3f","/static/media/sujon2.48a2dc28.png":"a8a1f3b7f2513bc7769f1d721638562ebb8b2da7397f60f79c9db1d676f06d37","/static/js/2.f33da7f1.chunk.js":"c6c7f376002e670118ca2059fad53d903d838bd5065818cafc367b604b6e8d5c","/static/media/program1.4fcc3ca5.png":"7638907c783f8bee7c91e824ca32684ff82261380f1c9752ebee317cc62e9d03","/static/js/2.f33da7f1.chunk.js.map":"88d8bf9458470d34fa724d79741ff800ef49c875885860c804b53d7925d8e93c"}}
[debug] [2021-05-03T12:16:18.514Z] <<< [apiv2][status] POST https://firebasehosting.googleapis.com/v1beta1/sites/personal-wesite-ac77a/versions/8dc375ebd5fb06c5:populateFiles 200
[debug] [2021-05-03T12:16:18.514Z] <<< [apiv2][body] POST https://firebasehosting.googleapis.com/v1beta1/sites/personal-wesite-ac77a/versions/8dc375ebd5fb06c5:populateFiles {"uploadRequiredHashes":["510d438e2ac84e6b6363f45466f03f3389078c37bbb87edb2aaf74bc4d0f83a8","d59c05e77e78a0d1bc053dcf5aa4b554566cc7058392cd80e15d2d88b903c816","ef47e33ccda6c09686b04efea7ce3c763e2b3b1164ec6112be47242087201cb6","4e47b522f474c5bf04968168bdc890dff0f794150af7e0f224139a3f4cbdd555"],"uploadUrl":"https://upload-firebasehosting.googleapis.com/upload/sites/personal-wesite-ac77a/versions/8dc375ebd5fb06c5/files"}
[debug] [2021-05-03T12:16:18.517Z] >>> [apiv2][query] POST https://upload-firebasehosting.googleapis.com/upload/sites/personal-wesite-ac77a/versions/8dc375ebd5fb06c5/files/510d438e2ac84e6b6363f45466f03f3389078c37bbb87edb2aaf74bc4d0f83a8 [none]
[debug] [2021-05-03T12:16:18.517Z] >>> [apiv2][body] POST https://upload-firebasehosting.googleapis.com/upload/sites/personal-wesite-ac77a/versions/8dc375ebd5fb06c5/files/510d438e2ac84e6b6363f45466f03f3389078c37bbb87edb2aaf74bc4d0f83a8 [stream]
[debug] [2021-05-03T12:16:18.519Z] >>> [apiv2][query] POST https://upload-firebasehosting.googleapis.com/upload/sites/personal-wesite-ac77a/versions/8dc375ebd5fb06c5/files/d59c05e77e78a0d1bc053dcf5aa4b554566cc7058392cd80e15d2d88b903c816 [none]
[debug] [2021-05-03T12:16:18.519Z] >>> [apiv2][body] POST https://upload-firebasehosting.googleapis.com/upload/sites/personal-wesite-ac77a/versions/8dc375ebd5fb06c5/files/d59c05e77e78a0d1bc053dcf5aa4b554566cc7058392cd80e15d2d88b903c816 [stream]
[debug] [2021-05-03T12:16:18.521Z] >>> [apiv2][query] POST https://upload-firebasehosting.googleapis.com/upload/sites/personal-wesite-ac77a/versions/8dc375ebd5fb06c5/files/ef47e33ccda6c09686b04efea7ce3c763e2b3b1164ec6112be47242087201cb6 [none]
[debug] [2021-05-03T12:16:18.521Z] >>> [apiv2][body] POST https://upload-firebasehosting.googleapis.com/upload/sites/personal-wesite-ac77a/versions/8dc375ebd5fb06c5/files/ef47e33ccda6c09686b04efea7ce3c763e2b3b1164ec6112be47242087201cb6 [stream]
[debug] [2021-05-03T12:16:18.523Z] >>> [apiv2][query] POST https://upload-firebasehosting.googleapis.com/upload/sites/personal-wesite-ac77a/versions/8dc375ebd5fb06c5/files/4e47b522f474c5bf04968168bdc890dff0f794150af7e0f224139a3f4cbdd555 [none]
[debug] [2021-05-03T12:16:18.523Z] >>> [apiv2][body] POST https://upload-firebasehosting.googleapis.com/upload/sites/personal-wesite-ac77a/versions/8dc375ebd5fb06c5/files/4e47b522f474c5bf04968168bdc890dff0f794150af7e0f224139a3f4cbdd555 [stream]
[debug] [2021-05-03T12:16:18.525Z] [hosting][populate queue][FINAL] {"max":1939,"min":1939,"avg":1939,"active":0,"complete":1,"success":1,"errored":0,"retried":0,"total":1,"elapsed":1947}
[debug] [2021-05-03T12:16:18.525Z] [hosting] uploads queued: 4
[debug] [2021-05-03T12:16:21.094Z] <<< [apiv2][status] POST https://upload-firebasehosting.googleapis.com/upload/sites/personal-wesite-ac77a/versions/8dc375ebd5fb06c5/files/510d438e2ac84e6b6363f45466f03f3389078c37bbb87edb2aaf74bc4d0f83a8 200
[debug] [2021-05-03T12:16:21.095Z] <<< [apiv2][body] POST https://upload-firebasehosting.googleapis.com/upload/sites/personal-wesite-ac77a/versions/8dc375ebd5fb06c5/files/510d438e2ac84e6b6363f45466f03f3389078c37bbb87edb2aaf74bc4d0f83a8 [stream]
[debug] [2021-05-03T12:16:21.098Z] <<< [apiv2][status] POST https://upload-firebasehosting.googleapis.com/upload/sites/personal-wesite-ac77a/versions/8dc375ebd5fb06c5/files/ef47e33ccda6c09686b04efea7ce3c763e2b3b1164ec6112be47242087201cb6 200
[debug] [2021-05-03T12:16:21.099Z] <<< [apiv2][body] POST https://upload-firebasehosting.googleapis.com/upload/sites/personal-wesite-ac77a/versions/8dc375ebd5fb06c5/files/ef47e33ccda6c09686b04efea7ce3c763e2b3b1164ec6112be47242087201cb6 [stream]
[debug] [2021-05-03T12:16:21.101Z] <<< [apiv2][status] POST https://upload-firebasehosting.googleapis.com/upload/sites/personal-wesite-ac77a/versions/8dc375ebd5fb06c5/files/d59c05e77e78a0d1bc053dcf5aa4b554566cc7058392cd80e15d2d88b903c816 200
[debug] [2021-05-03T12:16:21.102Z] <<< [apiv2][body] POST https://upload-firebasehosting.googleapis.com/upload/sites/personal-wesite-ac77a/versions/8dc375ebd5fb06c5/files/d59c05e77e78a0d1bc053dcf5aa4b554566cc7058392cd80e15d2d88b903c816 [stream]
[debug] [2021-05-03T12:16:23.367Z] <<< [apiv2][status] POST https://upload-firebasehosting.googleapis.com/upload/sites/personal-wesite-ac77a/versions/8dc375ebd5fb06c5/files/4e47b522f474c5bf04968168bdc890dff0f794150af7e0f224139a3f4cbdd555 200
[debug] [2021-05-03T12:16:23.368Z] <<< [apiv2][body] POST https://upload-firebasehosting.googleapis.com/upload/sites/personal-wesite-ac77a/versions/8dc375ebd5fb06c5/files/4e47b522f474c5bf04968168bdc890dff0f794150af7e0f224139a3f4cbdd555 [stream]
[debug] [2021-05-03T12:16:23.368Z] [hosting][upload queue][FINAL] {"max":4852,"min":2582,"avg":3151,"active":0,"complete":4,"success":4,"errored":0,"retried":0,"total":4,"elapsed":4854}
[info] +  hosting[personal-wesite-ac77a]: file upload complete 
[debug] [2021-05-03T12:16:23.371Z] [hosting] deploy completed after 7329ms
[debug] [2021-05-03T12:16:23.666Z] [
  {
    "config": {
      "public": "build",
      "ignore": [
        "firebase.json",
        "**/.*",
        "**/node_modules/**"
      ],
      "rewrites": [
        {
          "source": "**",
          "destination": "/index.html"
        }
      ],
      "site": "personal-wesite-ac77a"
    },
    "site": "personal-wesite-ac77a",
    "version": "sites/personal-wesite-ac77a/versions/8dc375ebd5fb06c5"
  }
]
[info] i  hosting[personal-wesite-ac77a]: finalizing version... 
[debug] [2021-05-03T12:16:23.669Z] > refreshing access token with scopes: ["email","https://www.googleapis.com/auth/cloud-platform","https://www.googleapis.com/auth/cloudplatformprojects.readonly","https://www.googleapis.com/auth/firebase","openid"]
[debug] [2021-05-03T12:16:23.669Z] >>> HTTP REQUEST POST https://www.googleapis.com/oauth2/v3/token  
 <request body omitted>
[debug] [2021-05-03T12:16:24.090Z] <<< HTTP RESPONSE 200 {"expires":"Mon, 01 Jan 1990 00:00:00 GMT","date":"Mon, 03 May 2021 12:16:02 GMT","pragma":"no-cache","cache-control":"no-cache, no-store, max-age=0, must-revalidate","content-type":"application/json; charset=utf-8","vary":"X-Origin, Referer, Origin,Accept-Encoding","server":"scaffolding on HTTPServer2","x-xss-protection":"0","x-frame-options":"SAMEORIGIN","x-content-type-options":"nosniff","alt-svc":"h3-29=\":443\"; ma=2592000,h3-T051=\":443\"; ma=2592000,h3-Q050=\":443\"; ma=2592000,h3-Q046=\":443\"; ma=2592000,h3-Q043=\":443\"; ma=2592000,quic=\":443\"; ma=2592000; v=\"46,43\"","accept-ranges":"none","transfer-encoding":"chunked"}
[debug] [2021-05-03T12:16:24.111Z] >>> HTTP REQUEST PATCH https://firebasehosting.googleapis.com/v1beta1/sites/personal-wesite-ac77a/versions/8dc375ebd5fb06c5?updateMask=status  
 {"status":"FINALIZED"}
[debug] [2021-05-03T12:16:25.650Z] <<< HTTP RESPONSE 200 {"content-type":"application/json; charset=UTF-8","vary":"X-Origin, Referer, Origin,Accept-Encoding","date":"Mon, 03 May 2021 12:16:04 GMT","server":"ESF","cache-control":"private","x-xss-protection":"0","x-frame-options":"SAMEORIGIN","x-content-type-options":"nosniff","alt-svc":"h3-29=\":443\"; ma=2592000,h3-T051=\":443\"; ma=2592000,h3-Q050=\":443\"; ma=2592000,h3-Q046=\":443\"; ma=2592000,h3-Q043=\":443\"; ma=2592000,quic=\":443\"; ma=2592000; v=\"46,43\"","accept-ranges":"none","transfer-encoding":"chunked"}
[debug] [2021-05-03T12:16:25.651Z] [hosting] finalized version for personal-wesite-ac77a: {"name":"sites/personal-wesite-ac77a/versions/8dc375ebd5fb06c5","status":"FINALIZED","config":{"rewrites":[{"glob":"**","path":"/index.html"}]},"labels":{"deployment-tool":"cli-firebase"},"createTime":"2021-05-03T12:15:54.673606Z","createUser":{"email":"mdsujon829562@gmail.com"},"finalizeTime":"2021-05-03T12:16:04.525164Z","finalizeUser":{"email":"mdsujon829562@gmail.com"}}
[info] +  hosting[personal-wesite-ac77a]: version finalized 
[info] i  hosting[personal-wesite-ac77a]: releasing new version... 
[debug] [2021-05-03T12:16:25.653Z] >>> HTTP REQUEST POST https://firebasehosting.googleapis.com/v1beta1/sites/personal-wesite-ac77a/releases?version_name=sites/personal-wesite-ac77a/versions/8dc375ebd5fb06c5  
 {"message":null}
[debug] [2021-05-03T12:16:27.195Z] <<< HTTP RESPONSE 200 {"content-type":"application/json; charset=UTF-8","vary":"X-Origin, Referer, Origin,Accept-Encoding","date":"Mon, 03 May 2021 12:16:06 GMT","server":"ESF","cache-control":"private","x-xss-protection":"0","x-frame-options":"SAMEORIGIN","x-content-type-options":"nosniff","alt-svc":"h3-29=\":443\"; ma=2592000,h3-T051=\":443\"; ma=2592000,h3-Q050=\":443\"; ma=2592000,h3-Q046=\":443\"; ma=2592000,h3-Q043=\":443\"; ma=2592000,quic=\":443\"; ma=2592000; v=\"46,43\"","accept-ranges":"none","transfer-encoding":"chunked"}
[debug] [2021-05-03T12:16:27.196Z] [hosting] release: {"name":"sites/personal-wesite-ac77a/releases/1620044165535123","version":{"name":"sites/personal-wesite-ac77a/versions/8dc375ebd5fb06c5","status":"FINALIZED","config":{"rewrites":[{"glob":"**","path":"/index.html"}]},"labels":{"deployment-tool":"cli-firebase"},"createTime":"2021-05-03T12:15:54.673606Z","createUser":{"email":"mdsujon829562@gmail.com"},"finalizeTime":"2021-05-03T12:16:04.525164Z","finalizeUser":{"email":"mdsujon829562@gmail.com"},"preview":{}},"type":"DEPLOY","releaseTime":"2021-05-03T12:16:05.535123256Z","releaseUser":{"email":"mdsujon829562@gmail.com"}}
[info] +  hosting[personal-wesite-ac77a]: release complete 
[info] 
[info] +  Deploy complete! 
[info] 
[info] Project Console: https://console.firebase.google.com/project/personal-wesite-ac77a/overview
[info] Hosting URL: https://personal-wesite-ac77a.web.app
